2026-01-18 21:32:42 [INFO] crunchize.engine: Logging to: ~/crunchize/crunchize.log
2026-01-18 21:32:42 [INFO] crunchize.engine: Starting execution of playbook: playbooks/demo_workflow.yml
2026-01-18 21:32:42 [INFO] crunchize.engine: Running task: Find Source Plates [filein]
2026-01-18 21:32:42 [INFO] crunchize.tasks.FileInTask: Searching for files with pattern: /mnt/prod/projects/dra/global/input/2026-01-07--001/PLATES/test*/*.exr (recursive=False)
2026-01-18 21:32:43 [INFO] crunchize.tasks.FileInTask: Found 48 files.
2026-01-18 21:32:43 [INFO] crunchize.engine: Running task: Map Convert Paths [pathmap]
2026-01-18 21:32:43 [INFO] crunchize.engine: Parallelizing task over 48 items.
2026-01-18 21:32:43 [INFO] crunchize.engine: Running task: Color Convert [convert]
2026-01-18 21:32:43 [INFO] crunchize.engine: Parallelizing task over 48 items.
2026-01-18 21:32:43 [INFO] crunchize.tasks.ConvertTask: Executing: ocioconvert --iconfig /mnt/prod/bin/aces/studio-config-v4.0.0_aces-v2.0_ocio-v2.5.ocio /mnt/prod/projects/dra/global/input/2026-01-07--001/PLATES/test/DARA_114_32_030.1288.exr ACES - ACEScg /mnt/prod/projects/dra/global/input/2026-01-07--001/test-proxy/test/DARA_114_32_030.1288.jpg Rec.1886 Rec.709 - Display
2026-01-18 21:32:43 [INFO] crunchize.tasks.ConvertTask: Executing: ocioconvert --iconfig /mnt/prod/bin/aces/studio-config-v4.0.0_aces-v2.0_ocio-v2.5.ocio /mnt/prod/projects/dra/global/input/2026-01-07--001/PLATES/test/DARA_114_32_030.1277.exr ACES - ACEScg /mnt/prod/projects/dra/global/input/2026-01-07--001/test-proxy/test/DARA_114_32_030.1277.jpg Rec.1886 Rec.709 - Display
2026-01-18 21:32:43 [INFO] crunchize.tasks.ConvertTask: Executing: ocioconvert --iconfig /mnt/prod/bin/aces/studio-config-v4.0.0_aces-v2.0_ocio-v2.5.ocio /mnt/prod/projects/dra/global/input/2026-01-07--001/PLATES/test/DARA_114_32_030.1300.exr ACES - ACEScg /mnt/prod/projects/dra/global/input/2026-01-07--001/test-proxy/test/DARA_114_32_030.1300.jpg Rec.1886 Rec.709 - Display
2026-01-18 21:32:43 [INFO] crunchize.tasks.ConvertTask: Executing: ocioconvert --iconfig /mnt/prod/bin/aces/studio-config-v4.0.0_aces-v2.0_ocio-v2.5.ocio /mnt/prod/projects/dra/global/input/2026-01-07--001/PLATES/test/DARA_114_32_030.1272.exr ACES - ACEScg /mnt/prod/projects/dra/global/input/2026-01-07--001/test-proxy/test/DARA_114_32_030.1272.jpg Rec.1886 Rec.709 - Display
2026-01-18 21:32:43 [INFO] crunchize.tasks.ConvertTask: Executing: ocioconvert --iconfig /mnt/prod/bin/aces/studio-config-v4.0.0_aces-v2.0_ocio-v2.5.ocio /mnt/prod/projects/dra/global/input/2026-01-07--001/PLATES/test/DARA_114_32_030.1298.exr ACES - ACEScg /mnt/prod/projects/dra/global/input/2026-01-07--001/test-proxy/test/DARA_114_32_030.1298.jpg Rec.1886 Rec.709 - Display
2026-01-18 21:32:43 [INFO] crunchize.tasks.ConvertTask: Executing: ocioconvert --iconfig /mnt/prod/bin/aces/studio-config-v4.0.0_aces-v2.0_ocio-v2.5.ocio /mnt/prod/projects/dra/global/input/2026-01-07--001/PLATES/test/DARA_114_32_030.1275.exr ACES - ACEScg /mnt/prod/projects/dra/global/input/2026-01-07--001/test-proxy/test/DARA_114_32_030.1275.jpg Rec.1886 Rec.709 - Display
2026-01-18 21:32:43 [INFO] crunchize.tasks.ConvertTask: Executing: ocioconvert --iconfig /mnt/prod/bin/aces/studio-config-v4.0.0_aces-v2.0_ocio-v2.5.ocio /mnt/prod/projects/dra/global/input/2026-01-07--001/PLATES/test/DARA_114_32_030.1296.exr ACES - ACEScg /mnt/prod/projects/dra/global/input/2026-01-07--001/test-proxy/test/DARA_114_32_030.1296.jpg Rec.1886 Rec.709 - Display
2026-01-18 21:32:43 [INFO] crunchize.tasks.ConvertTask: Executing: ocioconvert --iconfig /mnt/prod/bin/aces/studio-config-v4.0.0_aces-v2.0_ocio-v2.5.ocio /mnt/prod/projects/dra/global/input/2026-01-07--001/PLATES/test/DARA_114_32_030.1294.exr ACES - ACEScg /mnt/prod/projects/dra/global/input/2026-01-07--001/test-proxy/test/DARA_114_32_030.1294.jpg Rec.1886 Rec.709 - Display
2026-01-18 21:32:43 [INFO] crunchize.tasks.ConvertTask: Executing: ocioconvert --iconfig /mnt/prod/bin/aces/studio-config-v4.0.0_aces-v2.0_ocio-v2.5.ocio /mnt/prod/projects/dra/global/input/2026-01-07--001/PLATES/test/DARA_114_32_030.1293.exr ACES - ACEScg /mnt/prod/projects/dra/global/input/2026-01-07--001/test-proxy/test/DARA_114_32_030.1293.jpg Rec.1886 Rec.709 - Display
2026-01-18 21:32:43 [INFO] crunchize.tasks.ConvertTask: Executing: ocioconvert --iconfig /mnt/prod/bin/aces/studio-config-v4.0.0_aces-v2.0_ocio-v2.5.ocio /mnt/prod/projects/dra/global/input/2026-01-07--001/PLATES/test/DARA_114_32_030.1276.exr ACES - ACEScg /mnt/prod/projects/dra/global/input/2026-01-07--001/test-proxy/test/DARA_114_32_030.1276.jpg Rec.1886 Rec.709 - Display
2026-01-18 21:32:43 [INFO] crunchize.tasks.ConvertTask: Executing: ocioconvert --iconfig /mnt/prod/bin/aces/studio-config-v4.0.0_aces-v2.0_ocio-v2.5.ocio /mnt/prod/projects/dra/global/input/2026-01-07--001/PLATES/test/DARA_114_32_030.1269.exr ACES - ACEScg /mnt/prod/projects/dra/global/input/2026-01-07--001/test-proxy/test/DARA_114_32_030.1269.jpg Rec.1886 Rec.709 - Display
2026-01-18 21:32:43 [INFO] crunchize.tasks.ConvertTask: Executing: ocioconvert --iconfig /mnt/prod/bin/aces/studio-config-v4.0.0_aces-v2.0_ocio-v2.5.ocio /mnt/prod/projects/dra/global/input/2026-01-07--001/PLATES/test/DARA_114_32_030.1279.exr ACES - ACEScg /mnt/prod/projects/dra/global/input/2026-01-07--001/test-proxy/test/DARA_114_32_030.1279.jpg Rec.1886 Rec.709 - Display
2026-01-18 21:32:43 [INFO] crunchize.tasks.ConvertTask: Executing: ocioconvert --iconfig /mnt/prod/bin/aces/studio-config-v4.0.0_aces-v2.0_ocio-v2.5.ocio /mnt/prod/projects/dra/global/input/2026-01-07--001/PLATES/test/DARA_114_32_030.1286.exr ACES - ACEScg /mnt/prod/projects/dra/global/input/2026-01-07--001/test-proxy/test/DARA_114_32_030.1286.jpg Rec.1886 Rec.709 - Display
2026-01-18 21:32:43 [INFO] crunchize.tasks.ConvertTask: Executing: ocioconvert --iconfig /mnt/prod/bin/aces/studio-config-v4.0.0_aces-v2.0_ocio-v2.5.ocio /mnt/prod/projects/dra/global/input/2026-01-07--001/PLATES/test/DARA_114_32_030.1285.exr ACES - ACEScg /mnt/prod/projects/dra/global/input/2026-01-07--001/test-proxy/test/DARA_114_32_030.1285.jpg Rec.1886 Rec.709 - Display
2026-01-18 21:32:43 [INFO] crunchize.tasks.ConvertTask: Executing: ocioconvert --iconfig /mnt/prod/bin/aces/studio-config-v4.0.0_aces-v2.0_ocio-v2.5.ocio /mnt/prod/projects/dra/global/input/2026-01-07--001/PLATES/test/DARA_114_32_030.1291.exr ACES - ACEScg /mnt/prod/projects/dra/global/input/2026-01-07--001/test-proxy/test/DARA_114_32_030.1291.jpg Rec.1886 Rec.709 - Display
2026-01-18 21:32:43 [INFO] crunchize.tasks.ConvertTask: Executing: ocioconvert --iconfig /mnt/prod/bin/aces/studio-config-v4.0.0_aces-v2.0_ocio-v2.5.ocio /mnt/prod/projects/dra/global/input/2026-01-07--001/PLATES/test/DARA_114_32_030.1274.exr ACES - ACEScg /mnt/prod/projects/dra/global/input/2026-01-07--001/test-proxy/test/DARA_114_32_030.1274.jpg Rec.1886 Rec.709 - Display
2026-01-18 21:32:43 [INFO] crunchize.tasks.ConvertTask: Executing: ocioconvert --iconfig /mnt/prod/bin/aces/studio-config-v4.0.0_aces-v2.0_ocio-v2.5.ocio /mnt/prod/projects/dra/global/input/2026-01-07--001/PLATES/test/DARA_114_32_030.1299.exr ACES - ACEScg /mnt/prod/projects/dra/global/input/2026-01-07--001/test-proxy/test/DARA_114_32_030.1299.jpg Rec.1886 Rec.709 - Display
2026-01-18 21:32:43 [INFO] crunchize.tasks.ConvertTask: Executing: ocioconvert --iconfig /mnt/prod/bin/aces/studio-config-v4.0.0_aces-v2.0_ocio-v2.5.ocio /mnt/prod/projects/dra/global/input/2026-01-07--001/PLATES/test/DARA_114_32_030.1295.exr ACES - ACEScg /mnt/prod/projects/dra/global/input/2026-01-07--001/test-proxy/test/DARA_114_32_030.1295.jpg Rec.1886 Rec.709 - Display
2026-01-18 21:32:43 [INFO] crunchize.tasks.ConvertTask: Executing: ocioconvert --iconfig /mnt/prod/bin/aces/studio-config-v4.0.0_aces-v2.0_ocio-v2.5.ocio /mnt/prod/projects/dra/global/input/2026-01-07--001/PLATES/test/DARA_114_32_030.1273.exr ACES - ACEScg /mnt/prod/projects/dra/global/input/2026-01-07--001/test-proxy/test/DARA_114_32_030.1273.jpg Rec.1886 Rec.709 - Display
2026-01-18 21:32:43 [INFO] crunchize.tasks.ConvertTask: Executing: ocioconvert --iconfig /mnt/prod/bin/aces/studio-config-v4.0.0_aces-v2.0_ocio-v2.5.ocio /mnt/prod/projects/dra/global/input/2026-01-07--001/PLATES/test/DARA_114_32_030.1297.exr ACES - ACEScg /mnt/prod/projects/dra/global/input/2026-01-07--001/test-proxy/test/DARA_114_32_030.1297.jpg Rec.1886 Rec.709 - Display
2026-01-18 21:32:43 [INFO] crunchize.tasks.ConvertTask: Executing: ocioconvert --iconfig /mnt/prod/bin/aces/studio-config-v4.0.0_aces-v2.0_ocio-v2.5.ocio /mnt/prod/projects/dra/global/input/2026-01-07--001/PLATES/test/DARA_114_32_030.1283.exr ACES - ACEScg /mnt/prod/projects/dra/global/input/2026-01-07--001/test-proxy/test/DARA_114_32_030.1283.jpg Rec.1886 Rec.709 - Display
2026-01-18 21:32:43 [INFO] crunchize.tasks.ConvertTask: Executing: ocioconvert --iconfig /mnt/prod/bin/aces/studio-config-v4.0.0_aces-v2.0_ocio-v2.5.ocio /mnt/prod/projects/dra/global/input/2026-01-07--001/PLATES/test/DARA_114_32_030.1290.exr ACES - ACEScg /mnt/prod/projects/dra/global/input/2026-01-07--001/test-proxy/test/DARA_114_32_030.1290.jpg Rec.1886 Rec.709 - Display
2026-01-18 21:32:43 [INFO] crunchize.tasks.ConvertTask: Executing: ocioconvert --iconfig /mnt/prod/bin/aces/studio-config-v4.0.0_aces-v2.0_ocio-v2.5.ocio /mnt/prod/projects/dra/global/input/2026-01-07--001/PLATES/test/DARA_114_32_030.1282.exr ACES - ACEScg /mnt/prod/projects/dra/global/input/2026-01-07--001/test-proxy/test/DARA_114_32_030.1282.jpg Rec.1886 Rec.709 - Display
2026-01-18 21:32:43 [INFO] crunchize.tasks.ConvertTask: Executing: ocioconvert --iconfig /mnt/prod/bin/aces/studio-config-v4.0.0_aces-v2.0_ocio-v2.5.ocio /mnt/prod/projects/dra/global/input/2026-01-07--001/PLATES/test/DARA_114_32_030.1280.exr ACES - ACEScg /mnt/prod/projects/dra/global/input/2026-01-07--001/test-proxy/test/DARA_114_32_030.1280.jpg Rec.1886 Rec.709 - Display
2026-01-18 21:32:43 [INFO] crunchize.tasks.ConvertTask: Executing: ocioconvert --iconfig /mnt/prod/bin/aces/studio-config-v4.0.0_aces-v2.0_ocio-v2.5.ocio /mnt/prod/projects/dra/global/input/2026-01-07--001/PLATES/test/DARA_114_32_030.1281.exr ACES - ACEScg /mnt/prod/projects/dra/global/input/2026-01-07--001/test-proxy/test/DARA_114_32_030.1281.jpg Rec.1886 Rec.709 - Display
2026-01-18 21:32:43 [INFO] crunchize.tasks.ConvertTask: Executing: ocioconvert --iconfig /mnt/prod/bin/aces/studio-config-v4.0.0_aces-v2.0_ocio-v2.5.ocio /mnt/prod/projects/dra/global/input/2026-01-07--001/PLATES/test/DARA_114_32_030.1278.exr ACES - ACEScg /mnt/prod/projects/dra/global/input/2026-01-07--001/test-proxy/test/DARA_114_32_030.1278.jpg Rec.1886 Rec.709 - Display
2026-01-18 21:32:43 [INFO] crunchize.tasks.ConvertTask: Executing: ocioconvert --iconfig /mnt/prod/bin/aces/studio-config-v4.0.0_aces-v2.0_ocio-v2.5.ocio /mnt/prod/projects/dra/global/input/2026-01-07--001/PLATES/test/DARA_114_32_030.1271.exr ACES - ACEScg /mnt/prod/projects/dra/global/input/2026-01-07--001/test-proxy/test/DARA_114_32_030.1271.jpg Rec.1886 Rec.709 - Display
2026-01-18 21:32:43 [INFO] crunchize.tasks.ConvertTask: Executing: ocioconvert --iconfig /mnt/prod/bin/aces/studio-config-v4.0.0_aces-v2.0_ocio-v2.5.ocio /mnt/prod/projects/dra/global/input/2026-01-07--001/PLATES/test/DARA_114_32_030.1284.exr ACES - ACEScg /mnt/prod/projects/dra/global/input/2026-01-07--001/test-proxy/test/DARA_114_32_030.1284.jpg Rec.1886 Rec.709 - Display
2026-01-18 21:32:43 [INFO] crunchize.tasks.ConvertTask: Executing: ocioconvert --iconfig /mnt/prod/bin/aces/studio-config-v4.0.0_aces-v2.0_ocio-v2.5.ocio /mnt/prod/projects/dra/global/input/2026-01-07--001/PLATES/test/DARA_114_32_030.1287.exr ACES - ACEScg /mnt/prod/projects/dra/global/input/2026-01-07--001/test-proxy/test/DARA_114_32_030.1287.jpg Rec.1886 Rec.709 - Display
2026-01-18 21:32:43 [INFO] crunchize.tasks.ConvertTask: Executing: ocioconvert --iconfig /mnt/prod/bin/aces/studio-config-v4.0.0_aces-v2.0_ocio-v2.5.ocio /mnt/prod/projects/dra/global/input/2026-01-07--001/PLATES/test/DARA_114_32_030.1289.exr ACES - ACEScg /mnt/prod/projects/dra/global/input/2026-01-07--001/test-proxy/test/DARA_114_32_030.1289.jpg Rec.1886 Rec.709 - Display
2026-01-18 21:32:43 [INFO] crunchize.tasks.ConvertTask: Executing: ocioconvert --iconfig /mnt/prod/bin/aces/studio-config-v4.0.0_aces-v2.0_ocio-v2.5.ocio /mnt/prod/projects/dra/global/input/2026-01-07--001/PLATES/test/DARA_114_32_030.1292.exr ACES - ACEScg /mnt/prod/projects/dra/global/input/2026-01-07--001/test-proxy/test/DARA_114_32_030.1292.jpg Rec.1886 Rec.709 - Display
2026-01-18 21:32:43 [INFO] crunchize.tasks.ConvertTask: Executing: ocioconvert --iconfig /mnt/prod/bin/aces/studio-config-v4.0.0_aces-v2.0_ocio-v2.5.ocio /mnt/prod/projects/dra/global/input/2026-01-07--001/PLATES/test/DARA_114_32_030.1270.exr ACES - ACEScg /mnt/prod/projects/dra/global/input/2026-01-07--001/test-proxy/test/DARA_114_32_030.1270.jpg Rec.1886 Rec.709 - Display
2026-01-18 21:32:44 [INFO] crunchize.tasks.ConvertTask: Successfully converted: /mnt/prod/projects/dra/global/input/2026-01-07--001/test-proxy/test/DARA_114_32_030.1284.jpg
2026-01-18 21:32:44 [INFO] crunchize.tasks.ConvertTask: Executing: ocioconvert --iconfig /mnt/prod/bin/aces/studio-config-v4.0.0_aces-v2.0_ocio-v2.5.ocio /mnt/prod/projects/dra/global/input/2026-01-07--001/PLATES/test2/DARA_114_27A_010.0997.exr ACES - ACEScg /mnt/prod/projects/dra/global/input/2026-01-07--001/test-proxy/test2/DARA_114_27A_010.0997.jpg Rec.1886 Rec.709 - Display
2026-01-18 21:32:44 [INFO] crunchize.tasks.ConvertTask: Successfully converted: /mnt/prod/projects/dra/global/input/2026-01-07--001/test-proxy/test/DARA_114_32_030.1290.jpg
2026-01-18 21:32:44 [INFO] crunchize.tasks.ConvertTask: Executing: ocioconvert --iconfig /mnt/prod/bin/aces/studio-config-v4.0.0_aces-v2.0_ocio-v2.5.ocio /mnt/prod/projects/dra/global/input/2026-01-07--001/PLATES/test2/DARA_114_27A_010.0998.exr ACES - ACEScg /mnt/prod/projects/dra/global/input/2026-01-07--001/test-proxy/test2/DARA_114_27A_010.0998.jpg Rec.1886 Rec.709 - Display
2026-01-18 21:32:44 [INFO] crunchize.tasks.ConvertTask: Successfully converted: /mnt/prod/projects/dra/global/input/2026-01-07--001/test-proxy/test/DARA_114_32_030.1285.jpg
2026-01-18 21:32:44 [INFO] crunchize.tasks.ConvertTask: Executing: ocioconvert --iconfig /mnt/prod/bin/aces/studio-config-v4.0.0_aces-v2.0_ocio-v2.5.ocio /mnt/prod/projects/dra/global/input/2026-01-07--001/PLATES/test2/DARA_114_27A_010.0999.exr ACES - ACEScg /mnt/prod/projects/dra/global/input/2026-01-07--001/test-proxy/test2/DARA_114_27A_010.0999.jpg Rec.1886 Rec.709 - Display
2026-01-18 21:32:44 [INFO] crunchize.tasks.ConvertTask: Successfully converted: /mnt/prod/projects/dra/global/input/2026-01-07--001/test-proxy/test/DARA_114_32_030.1287.jpg
2026-01-18 21:32:44 [INFO] crunchize.tasks.ConvertTask: Successfully converted: /mnt/prod/projects/dra/global/input/2026-01-07--001/test-proxy/test/DARA_114_32_030.1289.jpg
2026-01-18 21:32:44 [INFO] crunchize.tasks.ConvertTask: Successfully converted: /mnt/prod/projects/dra/global/input/2026-01-07--001/test-proxy/test/DARA_114_32_030.1270.jpg
2026-01-18 21:32:44 [INFO] crunchize.tasks.ConvertTask: Executing: ocioconvert --iconfig /mnt/prod/bin/aces/studio-config-v4.0.0_aces-v2.0_ocio-v2.5.ocio /mnt/prod/projects/dra/global/input/2026-01-07--001/PLATES/test2/DARA_114_27A_010.1000.exr ACES - ACEScg /mnt/prod/projects/dra/global/input/2026-01-07--001/test-proxy/test2/DARA_114_27A_010.1000.jpg Rec.1886 Rec.709 - Display
2026-01-18 21:32:44 [INFO] crunchize.tasks.ConvertTask: Executing: ocioconvert --iconfig /mnt/prod/bin/aces/studio-config-v4.0.0_aces-v2.0_ocio-v2.5.ocio /mnt/prod/projects/dra/global/input/2026-01-07--001/PLATES/test2/DARA_114_27A_010.1001.exr ACES - ACEScg /mnt/prod/projects/dra/global/input/2026-01-07--001/test-proxy/test2/DARA_114_27A_010.1001.jpg Rec.1886 Rec.709 - Display
2026-01-18 21:32:44 [INFO] crunchize.tasks.ConvertTask: Executing: ocioconvert --iconfig /mnt/prod/bin/aces/studio-config-v4.0.0_aces-v2.0_ocio-v2.5.ocio /mnt/prod/projects/dra/global/input/2026-01-07--001/PLATES/test2/DARA_114_27A_010.1002.exr ACES - ACEScg /mnt/prod/projects/dra/global/input/2026-01-07--001/test-proxy/test2/DARA_114_27A_010.1002.jpg Rec.1886 Rec.709 - Display
2026-01-18 21:32:44 [INFO] crunchize.tasks.ConvertTask: Successfully converted: /mnt/prod/projects/dra/global/input/2026-01-07--001/test-proxy/test/DARA_114_32_030.1292.jpg
2026-01-18 21:32:44 [INFO] crunchize.tasks.ConvertTask: Executing: ocioconvert --iconfig /mnt/prod/bin/aces/studio-config-v4.0.0_aces-v2.0_ocio-v2.5.ocio /mnt/prod/projects/dra/global/input/2026-01-07--001/PLATES/test2/DARA_114_27A_010.1003.exr ACES - ACEScg /mnt/prod/projects/dra/global/input/2026-01-07--001/test-proxy/test2/DARA_114_27A_010.1003.jpg Rec.1886 Rec.709 - Display
2026-01-18 21:32:44 [INFO] crunchize.tasks.ConvertTask: Successfully converted: /mnt/prod/projects/dra/global/input/2026-01-07--001/test-proxy/test/DARA_114_32_030.1291.jpg
2026-01-18 21:32:44 [INFO] crunchize.tasks.ConvertTask: Executing: ocioconvert --iconfig /mnt/prod/bin/aces/studio-config-v4.0.0_aces-v2.0_ocio-v2.5.ocio /mnt/prod/projects/dra/global/input/2026-01-07--001/PLATES/test2/DARA_114_27A_010.1004.exr ACES - ACEScg /mnt/prod/projects/dra/global/input/2026-01-07--001/test-proxy/test2/DARA_114_27A_010.1004.jpg Rec.1886 Rec.709 - Display
2026-01-18 21:32:44 [INFO] crunchize.tasks.ConvertTask: Successfully converted: /mnt/prod/projects/dra/global/input/2026-01-07--001/test-proxy/test/DARA_114_32_030.1283.jpg
2026-01-18 21:32:44 [INFO] crunchize.tasks.ConvertTask: Successfully converted: /mnt/prod/projects/dra/global/input/2026-01-07--001/test-proxy/test/DARA_114_32_030.1297.jpg
2026-01-18 21:32:44 [INFO] crunchize.tasks.ConvertTask: Successfully converted: /mnt/prod/projects/dra/global/input/2026-01-07--001/test-proxy/test/DARA_114_32_030.1286.jpg
2026-01-18 21:32:44 [INFO] crunchize.tasks.ConvertTask: Executing: ocioconvert --iconfig /mnt/prod/bin/aces/studio-config-v4.0.0_aces-v2.0_ocio-v2.5.ocio /mnt/prod/projects/dra/global/input/2026-01-07--001/PLATES/test2/DARA_114_27A_010.1005.exr ACES - ACEScg /mnt/prod/projects/dra/global/input/2026-01-07--001/test-proxy/test2/DARA_114_27A_010.1005.jpg Rec.1886 Rec.709 - Display
2026-01-18 21:32:44 [INFO] crunchize.tasks.ConvertTask: Executing: ocioconvert --iconfig /mnt/prod/bin/aces/studio-config-v4.0.0_aces-v2.0_ocio-v2.5.ocio /mnt/prod/projects/dra/global/input/2026-01-07--001/PLATES/test2/DARA_114_27A_010.1006.exr ACES - ACEScg /mnt/prod/projects/dra/global/input/2026-01-07--001/test-proxy/test2/DARA_114_27A_010.1006.jpg Rec.1886 Rec.709 - Display
2026-01-18 21:32:44 [INFO] crunchize.tasks.ConvertTask: Executing: ocioconvert --iconfig /mnt/prod/bin/aces/studio-config-v4.0.0_aces-v2.0_ocio-v2.5.ocio /mnt/prod/projects/dra/global/input/2026-01-07--001/PLATES/test2/DARA_114_27A_010.1007.exr ACES - ACEScg /mnt/prod/projects/dra/global/input/2026-01-07--001/test-proxy/test2/DARA_114_27A_010.1007.jpg Rec.1886 Rec.709 - Display
2026-01-18 21:32:44 [INFO] crunchize.tasks.ConvertTask: Successfully converted: /mnt/prod/projects/dra/global/input/2026-01-07--001/test-proxy/test/DARA_114_32_030.1269.jpg
2026-01-18 21:32:44 [INFO] crunchize.tasks.ConvertTask: Successfully converted: /mnt/prod/projects/dra/global/input/2026-01-07--001/test-proxy/test/DARA_114_32_030.1272.jpg
2026-01-18 21:32:44 [INFO] crunchize.tasks.ConvertTask: Successfully converted: /mnt/prod/projects/dra/global/input/2026-01-07--001/test-proxy/test/DARA_114_32_030.1274.jpg
2026-01-18 21:32:44 [INFO] crunchize.tasks.ConvertTask: Executing: ocioconvert --iconfig /mnt/prod/bin/aces/studio-config-v4.0.0_aces-v2.0_ocio-v2.5.ocio /mnt/prod/projects/dra/global/input/2026-01-07--001/PLATES/test2/DARA_114_27A_010.1008.exr ACES - ACEScg /mnt/prod/projects/dra/global/input/2026-01-07--001/test-proxy/test2/DARA_114_27A_010.1008.jpg Rec.1886 Rec.709 - Display
2026-01-18 21:32:44 [INFO] crunchize.tasks.ConvertTask: Executing: ocioconvert --iconfig /mnt/prod/bin/aces/studio-config-v4.0.0_aces-v2.0_ocio-v2.5.ocio /mnt/prod/projects/dra/global/input/2026-01-07--001/PLATES/test2/DARA_114_27A_010.1009.exr ACES - ACEScg /mnt/prod/projects/dra/global/input/2026-01-07--001/test-proxy/test2/DARA_114_27A_010.1009.jpg Rec.1886 Rec.709 - Display
2026-01-18 21:32:44 [INFO] crunchize.tasks.ConvertTask: Executing: ocioconvert --iconfig /mnt/prod/bin/aces/studio-config-v4.0.0_aces-v2.0_ocio-v2.5.ocio /mnt/prod/projects/dra/global/input/2026-01-07--001/PLATES/test2/DARA_114_27A_010.1010.exr ACES - ACEScg /mnt/prod/projects/dra/global/input/2026-01-07--001/test-proxy/test2/DARA_114_27A_010.1010.jpg Rec.1886 Rec.709 - Display
2026-01-18 21:32:44 [INFO] crunchize.tasks.ConvertTask: Successfully converted: /mnt/prod/projects/dra/global/input/2026-01-07--001/test-proxy/test/DARA_114_32_030.1293.jpg
2026-01-18 21:32:44 [INFO] crunchize.tasks.ConvertTask: Successfully converted: /mnt/prod/projects/dra/global/input/2026-01-07--001/test-proxy/test/DARA_114_32_030.1295.jpg
2026-01-18 21:32:44 [INFO] crunchize.tasks.ConvertTask: Executing: ocioconvert --iconfig /mnt/prod/bin/aces/studio-config-v4.0.0_aces-v2.0_ocio-v2.5.ocio /mnt/prod/projects/dra/global/input/2026-01-07--001/PLATES/test2/DARA_114_27A_010.1011.exr ACES - ACEScg /mnt/prod/projects/dra/global/input/2026-01-07--001/test-proxy/test2/DARA_114_27A_010.1011.jpg Rec.1886 Rec.709 - Display
2026-01-18 21:32:44 [INFO] crunchize.tasks.ConvertTask: Executing: ocioconvert --iconfig /mnt/prod/bin/aces/studio-config-v4.0.0_aces-v2.0_ocio-v2.5.ocio /mnt/prod/projects/dra/global/input/2026-01-07--001/PLATES/test2/DARA_114_27A_010.1012.exr ACES - ACEScg /mnt/prod/projects/dra/global/input/2026-01-07--001/test-proxy/test2/DARA_114_27A_010.1012.jpg Rec.1886 Rec.709 - Display
2026-01-18 21:32:44 [INFO] crunchize.tasks.ConvertTask: Successfully converted: /mnt/prod/projects/dra/global/input/2026-01-07--001/test-proxy/test/DARA_114_32_030.1279.jpg
2026-01-18 21:32:44 [INFO] crunchize.tasks.ConvertTask: Successfully converted: /mnt/prod/projects/dra/global/input/2026-01-07--001/test-proxy/test/DARA_114_32_030.1282.jpg
2026-01-18 21:32:44 [INFO] crunchize.tasks.ConvertTask: Successfully converted: /mnt/prod/projects/dra/global/input/2026-01-07--001/test-proxy/test/DARA_114_32_030.1278.jpg
2026-01-18 21:32:44 [INFO] crunchize.tasks.ConvertTask: Successfully converted: /mnt/prod/projects/dra/global/input/2026-01-07--001/test-proxy/test/DARA_114_32_030.1300.jpg
2026-01-18 21:32:44 [INFO] crunchize.tasks.ConvertTask: Successfully converted: /mnt/prod/projects/dra/global/input/2026-01-07--001/test-proxy/test/DARA_114_32_030.1277.jpg
2026-01-18 21:32:44 [INFO] crunchize.tasks.ConvertTask: Successfully converted: /mnt/prod/projects/dra/global/input/2026-01-07--001/test-proxy/test/DARA_114_32_030.1271.jpg
2026-01-18 21:32:44 [INFO] crunchize.tasks.ConvertTask: Successfully converted: /mnt/prod/projects/dra/global/input/2026-01-07--001/test-proxy/test/DARA_114_32_030.1294.jpg
2026-01-18 21:32:44 [INFO] crunchize.tasks.ConvertTask: Successfully converted: /mnt/prod/projects/dra/global/input/2026-01-07--001/test-proxy/test/DARA_114_32_030.1296.jpg
2026-01-18 21:32:44 [INFO] crunchize.tasks.ConvertTask: Successfully converted: /mnt/prod/projects/dra/global/input/2026-01-07--001/test-proxy/test/DARA_114_32_030.1288.jpg
2026-01-18 21:32:44 [INFO] crunchize.tasks.ConvertTask: Successfully converted: /mnt/prod/projects/dra/global/input/2026-01-07--001/test-proxy/test/DARA_114_32_030.1281.jpg
2026-01-18 21:32:44 [INFO] crunchize.tasks.ConvertTask: Successfully converted: /mnt/prod/projects/dra/global/input/2026-01-07--001/test-proxy/test/DARA_114_32_030.1275.jpg
2026-01-18 21:32:44 [INFO] crunchize.tasks.ConvertTask: Successfully converted: /mnt/prod/projects/dra/global/input/2026-01-07--001/test-proxy/test/DARA_114_32_030.1273.jpg
2026-01-18 21:32:44 [INFO] crunchize.tasks.ConvertTask: Successfully converted: /mnt/prod/projects/dra/global/input/2026-01-07--001/test-proxy/test/DARA_114_32_030.1280.jpg
2026-01-18 21:32:44 [INFO] crunchize.tasks.ConvertTask: Successfully converted: /mnt/prod/projects/dra/global/input/2026-01-07--001/test-proxy/test/DARA_114_32_030.1299.jpg
2026-01-18 21:32:44 [INFO] crunchize.tasks.ConvertTask: Successfully converted: /mnt/prod/projects/dra/global/input/2026-01-07--001/test-proxy/test/DARA_114_32_030.1298.jpg
2026-01-18 21:32:44 [INFO] crunchize.tasks.ConvertTask: Successfully converted: /mnt/prod/projects/dra/global/input/2026-01-07--001/test-proxy/test/DARA_114_32_030.1276.jpg
2026-01-18 21:32:46 [INFO] crunchize.tasks.ConvertTask: Successfully converted: /mnt/prod/projects/dra/global/input/2026-01-07--001/test-proxy/test2/DARA_114_27A_010.1008.jpg
2026-01-18 21:32:46 [INFO] crunchize.tasks.ConvertTask: Successfully converted: /mnt/prod/projects/dra/global/input/2026-01-07--001/test-proxy/test2/DARA_114_27A_010.1000.jpg
2026-01-18 21:32:46 [INFO] crunchize.tasks.ConvertTask: Successfully converted: /mnt/prod/projects/dra/global/input/2026-01-07--001/test-proxy/test2/DARA_114_27A_010.0998.jpg
2026-01-18 21:32:46 [INFO] crunchize.tasks.ConvertTask: Successfully converted: /mnt/prod/projects/dra/global/input/2026-01-07--001/test-proxy/test2/DARA_114_27A_010.1005.jpg
2026-01-18 21:32:46 [INFO] crunchize.tasks.ConvertTask: Successfully converted: /mnt/prod/projects/dra/global/input/2026-01-07--001/test-proxy/test2/DARA_114_27A_010.1001.jpg
2026-01-18 21:32:47 [INFO] crunchize.tasks.ConvertTask: Successfully converted: /mnt/prod/projects/dra/global/input/2026-01-07--001/test-proxy/test2/DARA_114_27A_010.0999.jpg
2026-01-18 21:32:47 [INFO] crunchize.tasks.ConvertTask: Successfully converted: /mnt/prod/projects/dra/global/input/2026-01-07--001/test-proxy/test2/DARA_114_27A_010.1007.jpg
2026-01-18 21:32:47 [INFO] crunchize.tasks.ConvertTask: Successfully converted: /mnt/prod/projects/dra/global/input/2026-01-07--001/test-proxy/test2/DARA_114_27A_010.1011.jpg
2026-01-18 21:32:47 [INFO] crunchize.tasks.ConvertTask: Successfully converted: /mnt/prod/projects/dra/global/input/2026-01-07--001/test-proxy/test2/DARA_114_27A_010.1002.jpg
2026-01-18 21:32:47 [INFO] crunchize.tasks.ConvertTask: Successfully converted: /mnt/prod/projects/dra/global/input/2026-01-07--001/test-proxy/test2/DARA_114_27A_010.1010.jpg
2026-01-18 21:32:47 [INFO] crunchize.tasks.ConvertTask: Successfully converted: /mnt/prod/projects/dra/global/input/2026-01-07--001/test-proxy/test2/DARA_114_27A_010.0997.jpg
2026-01-18 21:32:47 [INFO] crunchize.tasks.ConvertTask: Successfully converted: /mnt/prod/projects/dra/global/input/2026-01-07--001/test-proxy/test2/DARA_114_27A_010.1003.jpg
2026-01-18 21:32:47 [INFO] crunchize.tasks.ConvertTask: Successfully converted: /mnt/prod/projects/dra/global/input/2026-01-07--001/test-proxy/test2/DARA_114_27A_010.1012.jpg
2026-01-18 21:32:47 [INFO] crunchize.tasks.ConvertTask: Successfully converted: /mnt/prod/projects/dra/global/input/2026-01-07--001/test-proxy/test2/DARA_114_27A_010.1009.jpg
2026-01-18 21:32:47 [INFO] crunchize.tasks.ConvertTask: Successfully converted: /mnt/prod/projects/dra/global/input/2026-01-07--001/test-proxy/test2/DARA_114_27A_010.1004.jpg
2026-01-18 21:32:47 [INFO] crunchize.tasks.ConvertTask: Successfully converted: /mnt/prod/projects/dra/global/input/2026-01-07--001/test-proxy/test2/DARA_114_27A_010.1006.jpg
2026-01-18 21:32:47 [INFO] crunchize.engine: Running task: Map Scale Paths [pathmap]
2026-01-18 21:32:47 [INFO] crunchize.engine: Parallelizing task over 48 items.
2026-01-18 21:32:47 [INFO] crunchize.engine: Running task: Scale to 50% [oiio]
2026-01-18 21:32:47 [INFO] crunchize.engine: Parallelizing task over 48 items.
2026-01-18 21:32:47 [INFO] crunchize.tasks.OIIOToolTask: Executing: oiiotool /mnt/prod/projects/dra/global/input/2026-01-07--001/test-proxy/test/DARA_114_32_030.1269.jpg --resize 50.0% -o /mnt/prod/projects/dra/global/input/2026-01-07--001/test-proxy/test/DARA_114_32_030.1269.jpg
2026-01-18 21:32:47 [INFO] crunchize.tasks.OIIOToolTask: Executing: oiiotool /mnt/prod/projects/dra/global/input/2026-01-07--001/test-proxy/test/DARA_114_32_030.1270.jpg --resize 50.0% -o /mnt/prod/projects/dra/global/input/2026-01-07--001/test-proxy/test/DARA_114_32_030.1270.jpg
2026-01-18 21:32:47 [INFO] crunchize.tasks.OIIOToolTask: Executing: oiiotool /mnt/prod/projects/dra/global/input/2026-01-07--001/test-proxy/test/DARA_114_32_030.1271.jpg --resize 50.0% -o /mnt/prod/projects/dra/global/input/2026-01-07--001/test-proxy/test/DARA_114_32_030.1271.jpg
2026-01-18 21:32:47 [INFO] crunchize.tasks.OIIOToolTask: Executing: oiiotool /mnt/prod/projects/dra/global/input/2026-01-07--001/test-proxy/test/DARA_114_32_030.1272.jpg --resize 50.0% -o /mnt/prod/projects/dra/global/input/2026-01-07--001/test-proxy/test/DARA_114_32_030.1272.jpg
2026-01-18 21:32:47 [INFO] crunchize.tasks.OIIOToolTask: Executing: oiiotool /mnt/prod/projects/dra/global/input/2026-01-07--001/test-proxy/test/DARA_114_32_030.1275.jpg --resize 50.0% -o /mnt/prod/projects/dra/global/input/2026-01-07--001/test-proxy/test/DARA_114_32_030.1275.jpg
2026-01-18 21:32:47 [INFO] crunchize.tasks.OIIOToolTask: Executing: oiiotool /mnt/prod/projects/dra/global/input/2026-01-07--001/test-proxy/test/DARA_114_32_030.1273.jpg --resize 50.0% -o /mnt/prod/projects/dra/global/input/2026-01-07--001/test-proxy/test/DARA_114_32_030.1273.jpg
2026-01-18 21:32:47 [INFO] crunchize.tasks.OIIOToolTask: Executing: oiiotool /mnt/prod/projects/dra/global/input/2026-01-07--001/test-proxy/test/DARA_114_32_030.1274.jpg --resize 50.0% -o /mnt/prod/projects/dra/global/input/2026-01-07--001/test-proxy/test/DARA_114_32_030.1274.jpg
2026-01-18 21:32:47 [INFO] crunchize.tasks.OIIOToolTask: Executing: oiiotool /mnt/prod/projects/dra/global/input/2026-01-07--001/test-proxy/test/DARA_114_32_030.1279.jpg --resize 50.0% -o /mnt/prod/projects/dra/global/input/2026-01-07--001/test-proxy/test/DARA_114_32_030.1279.jpg
2026-01-18 21:32:47 [INFO] crunchize.tasks.OIIOToolTask: Executing: oiiotool /mnt/prod/projects/dra/global/input/2026-01-07--001/test-proxy/test/DARA_114_32_030.1276.jpg --resize 50.0% -o /mnt/prod/projects/dra/global/input/2026-01-07--001/test-proxy/test/DARA_114_32_030.1276.jpg
2026-01-18 21:32:47 [INFO] crunchize.tasks.OIIOToolTask: Executing: oiiotool /mnt/prod/projects/dra/global/input/2026-01-07--001/test-proxy/test/DARA_114_32_030.1278.jpg --resize 50.0% -o /mnt/prod/projects/dra/global/input/2026-01-07--001/test-proxy/test/DARA_114_32_030.1278.jpg
2026-01-18 21:32:47 [INFO] crunchize.tasks.OIIOToolTask: Executing: oiiotool /mnt/prod/projects/dra/global/input/2026-01-07--001/test-proxy/test/DARA_114_32_030.1277.jpg --resize 50.0% -o /mnt/prod/projects/dra/global/input/2026-01-07--001/test-proxy/test/DARA_114_32_030.1277.jpg
2026-01-18 21:32:47 [INFO] crunchize.tasks.OIIOToolTask: Executing: oiiotool /mnt/prod/projects/dra/global/input/2026-01-07--001/test-proxy/test/DARA_114_32_030.1280.jpg --resize 50.0% -o /mnt/prod/projects/dra/global/input/2026-01-07--001/test-proxy/test/DARA_114_32_030.1280.jpg
2026-01-18 21:32:47 [INFO] crunchize.tasks.OIIOToolTask: Executing: oiiotool /mnt/prod/projects/dra/global/input/2026-01-07--001/test-proxy/test/DARA_114_32_030.1281.jpg --resize 50.0% -o /mnt/prod/projects/dra/global/input/2026-01-07--001/test-proxy/test/DARA_114_32_030.1281.jpg
2026-01-18 21:32:47 [INFO] crunchize.tasks.OIIOToolTask: Executing: oiiotool /mnt/prod/projects/dra/global/input/2026-01-07--001/test-proxy/test/DARA_114_32_030.1282.jpg --resize 50.0% -o /mnt/prod/projects/dra/global/input/2026-01-07--001/test-proxy/test/DARA_114_32_030.1282.jpg
2026-01-18 21:32:47 [INFO] crunchize.tasks.OIIOToolTask: Executing: oiiotool /mnt/prod/projects/dra/global/input/2026-01-07--001/test-proxy/test/DARA_114_32_030.1283.jpg --resize 50.0% -o /mnt/prod/projects/dra/global/input/2026-01-07--001/test-proxy/test/DARA_114_32_030.1283.jpg
2026-01-18 21:32:47 [INFO] crunchize.tasks.OIIOToolTask: Executing: oiiotool /mnt/prod/projects/dra/global/input/2026-01-07--001/test-proxy/test/DARA_114_32_030.1284.jpg --resize 50.0% -o /mnt/prod/projects/dra/global/input/2026-01-07--001/test-proxy/test/DARA_114_32_030.1284.jpg
2026-01-18 21:32:47 [INFO] crunchize.tasks.OIIOToolTask: Executing: oiiotool /mnt/prod/projects/dra/global/input/2026-01-07--001/test-proxy/test/DARA_114_32_030.1285.jpg --resize 50.0% -o /mnt/prod/projects/dra/global/input/2026-01-07--001/test-proxy/test/DARA_114_32_030.1285.jpg
2026-01-18 21:32:47 [INFO] crunchize.tasks.OIIOToolTask: Executing: oiiotool /mnt/prod/projects/dra/global/input/2026-01-07--001/test-proxy/test/DARA_114_32_030.1286.jpg --resize 50.0% -o /mnt/prod/projects/dra/global/input/2026-01-07--001/test-proxy/test/DARA_114_32_030.1286.jpg
2026-01-18 21:32:47 [INFO] crunchize.tasks.OIIOToolTask: Executing: oiiotool /mnt/prod/projects/dra/global/input/2026-01-07--001/test-proxy/test/DARA_114_32_030.1287.jpg --resize 50.0% -o /mnt/prod/projects/dra/global/input/2026-01-07--001/test-proxy/test/DARA_114_32_030.1287.jpg
2026-01-18 21:32:47 [INFO] crunchize.tasks.OIIOToolTask: Executing: oiiotool /mnt/prod/projects/dra/global/input/2026-01-07--001/test-proxy/test/DARA_114_32_030.1288.jpg --resize 50.0% -o /mnt/prod/projects/dra/global/input/2026-01-07--001/test-proxy/test/DARA_114_32_030.1288.jpg
2026-01-18 21:32:47 [INFO] crunchize.tasks.OIIOToolTask: Executing: oiiotool /mnt/prod/projects/dra/global/input/2026-01-07--001/test-proxy/test/DARA_114_32_030.1289.jpg --resize 50.0% -o /mnt/prod/projects/dra/global/input/2026-01-07--001/test-proxy/test/DARA_114_32_030.1289.jpg
2026-01-18 21:32:47 [INFO] crunchize.tasks.OIIOToolTask: Executing: oiiotool /mnt/prod/projects/dra/global/input/2026-01-07--001/test-proxy/test/DARA_114_32_030.1291.jpg --resize 50.0% -o /mnt/prod/projects/dra/global/input/2026-01-07--001/test-proxy/test/DARA_114_32_030.1291.jpg
2026-01-18 21:32:47 [INFO] crunchize.tasks.OIIOToolTask: Executing: oiiotool /mnt/prod/projects/dra/global/input/2026-01-07--001/test-proxy/test/DARA_114_32_030.1292.jpg --resize 50.0% -o /mnt/prod/projects/dra/global/input/2026-01-07--001/test-proxy/test/DARA_114_32_030.1292.jpg
2026-01-18 21:32:47 [INFO] crunchize.tasks.OIIOToolTask: Executing: oiiotool /mnt/prod/projects/dra/global/input/2026-01-07--001/test-proxy/test/DARA_114_32_030.1290.jpg --resize 50.0% -o /mnt/prod/projects/dra/global/input/2026-01-07--001/test-proxy/test/DARA_114_32_030.1290.jpg
2026-01-18 21:32:47 [INFO] crunchize.tasks.OIIOToolTask: Executing: oiiotool /mnt/prod/projects/dra/global/input/2026-01-07--001/test-proxy/test/DARA_114_32_030.1294.jpg --resize 50.0% -o /mnt/prod/projects/dra/global/input/2026-01-07--001/test-proxy/test/DARA_114_32_030.1294.jpg
2026-01-18 21:32:47 [INFO] crunchize.tasks.OIIOToolTask: Executing: oiiotool /mnt/prod/projects/dra/global/input/2026-01-07--001/test-proxy/test/DARA_114_32_030.1293.jpg --resize 50.0% -o /mnt/prod/projects/dra/global/input/2026-01-07--001/test-proxy/test/DARA_114_32_030.1293.jpg
2026-01-18 21:32:47 [INFO] crunchize.tasks.OIIOToolTask: Executing: oiiotool /mnt/prod/projects/dra/global/input/2026-01-07--001/test-proxy/test/DARA_114_32_030.1296.jpg --resize 50.0% -o /mnt/prod/projects/dra/global/input/2026-01-07--001/test-proxy/test/DARA_114_32_030.1296.jpg
2026-01-18 21:32:47 [INFO] crunchize.tasks.OIIOToolTask: Executing: oiiotool /mnt/prod/projects/dra/global/input/2026-01-07--001/test-proxy/test/DARA_114_32_030.1295.jpg --resize 50.0% -o /mnt/prod/projects/dra/global/input/2026-01-07--001/test-proxy/test/DARA_114_32_030.1295.jpg
2026-01-18 21:32:47 [INFO] crunchize.tasks.OIIOToolTask: Executing: oiiotool /mnt/prod/projects/dra/global/input/2026-01-07--001/test-proxy/test/DARA_114_32_030.1297.jpg --resize 50.0% -o /mnt/prod/projects/dra/global/input/2026-01-07--001/test-proxy/test/DARA_114_32_030.1297.jpg
2026-01-18 21:32:47 [INFO] crunchize.tasks.OIIOToolTask: Executing: oiiotool /mnt/prod/projects/dra/global/input/2026-01-07--001/test-proxy/test/DARA_114_32_030.1299.jpg --resize 50.0% -o /mnt/prod/projects/dra/global/input/2026-01-07--001/test-proxy/test/DARA_114_32_030.1299.jpg
2026-01-18 21:32:47 [INFO] crunchize.tasks.OIIOToolTask: Executing: oiiotool /mnt/prod/projects/dra/global/input/2026-01-07--001/test-proxy/test/DARA_114_32_030.1300.jpg --resize 50.0% -o /mnt/prod/projects/dra/global/input/2026-01-07--001/test-proxy/test/DARA_114_32_030.1300.jpg
2026-01-18 21:32:47 [INFO] crunchize.tasks.OIIOToolTask: Executing: oiiotool /mnt/prod/projects/dra/global/input/2026-01-07--001/test-proxy/test/DARA_114_32_030.1298.jpg --resize 50.0% -o /mnt/prod/projects/dra/global/input/2026-01-07--001/test-proxy/test/DARA_114_32_030.1298.jpg
2026-01-18 21:32:50 [INFO] crunchize.tasks.OIIOToolTask: Executing: oiiotool /mnt/prod/projects/dra/global/input/2026-01-07--001/test-proxy/test2/DARA_114_27A_010.0997.jpg --resize 50.0% -o /mnt/prod/projects/dra/global/input/2026-01-07--001/test-proxy/test2/DARA_114_27A_010.0997.jpg
2026-01-18 21:32:50 [INFO] crunchize.tasks.OIIOToolTask: Executing: oiiotool /mnt/prod/projects/dra/global/input/2026-01-07--001/test-proxy/test2/DARA_114_27A_010.0998.jpg --resize 50.0% -o /mnt/prod/projects/dra/global/input/2026-01-07--001/test-proxy/test2/DARA_114_27A_010.0998.jpg
2026-01-18 21:32:50 [INFO] crunchize.tasks.OIIOToolTask: Executing: oiiotool /mnt/prod/projects/dra/global/input/2026-01-07--001/test-proxy/test2/DARA_114_27A_010.0999.jpg --resize 50.0% -o /mnt/prod/projects/dra/global/input/2026-01-07--001/test-proxy/test2/DARA_114_27A_010.0999.jpg
2026-01-18 21:32:50 [INFO] crunchize.tasks.OIIOToolTask: Executing: oiiotool /mnt/prod/projects/dra/global/input/2026-01-07--001/test-proxy/test2/DARA_114_27A_010.1000.jpg --resize 50.0% -o /mnt/prod/projects/dra/global/input/2026-01-07--001/test-proxy/test2/DARA_114_27A_010.1000.jpg
2026-01-18 21:32:50 [INFO] crunchize.tasks.OIIOToolTask: Executing: oiiotool /mnt/prod/projects/dra/global/input/2026-01-07--001/test-proxy/test2/DARA_114_27A_010.1001.jpg --resize 50.0% -o /mnt/prod/projects/dra/global/input/2026-01-07--001/test-proxy/test2/DARA_114_27A_010.1001.jpg
2026-01-18 21:32:50 [INFO] crunchize.tasks.OIIOToolTask: Executing: oiiotool /mnt/prod/projects/dra/global/input/2026-01-07--001/test-proxy/test2/DARA_114_27A_010.1002.jpg --resize 50.0% -o /mnt/prod/projects/dra/global/input/2026-01-07--001/test-proxy/test2/DARA_114_27A_010.1002.jpg
2026-01-18 21:32:50 [INFO] crunchize.tasks.OIIOToolTask: Executing: oiiotool /mnt/prod/projects/dra/global/input/2026-01-07--001/test-proxy/test2/DARA_114_27A_010.1003.jpg --resize 50.0% -o /mnt/prod/projects/dra/global/input/2026-01-07--001/test-proxy/test2/DARA_114_27A_010.1003.jpg
2026-01-18 21:32:50 [INFO] crunchize.tasks.OIIOToolTask: Executing: oiiotool /mnt/prod/projects/dra/global/input/2026-01-07--001/test-proxy/test2/DARA_114_27A_010.1004.jpg --resize 50.0% -o /mnt/prod/projects/dra/global/input/2026-01-07--001/test-proxy/test2/DARA_114_27A_010.1004.jpg
2026-01-18 21:32:50 [INFO] crunchize.tasks.OIIOToolTask: Executing: oiiotool /mnt/prod/projects/dra/global/input/2026-01-07--001/test-proxy/test2/DARA_114_27A_010.1005.jpg --resize 50.0% -o /mnt/prod/projects/dra/global/input/2026-01-07--001/test-proxy/test2/DARA_114_27A_010.1005.jpg
2026-01-18 21:32:50 [INFO] crunchize.tasks.OIIOToolTask: Executing: oiiotool /mnt/prod/projects/dra/global/input/2026-01-07--001/test-proxy/test2/DARA_114_27A_010.1006.jpg --resize 50.0% -o /mnt/prod/projects/dra/global/input/2026-01-07--001/test-proxy/test2/DARA_114_27A_010.1006.jpg
2026-01-18 21:32:51 [INFO] crunchize.tasks.OIIOToolTask: Successfully processed: /mnt/prod/projects/dra/global/input/2026-01-07--001/test-proxy/test2/DARA_114_27A_010.0997.jpg
2026-01-18 21:32:51 [INFO] crunchize.tasks.OIIOToolTask: Successfully processed: /mnt/prod/projects/dra/global/input/2026-01-07--001/test-proxy/test2/DARA_114_27A_010.1001.jpg
2026-01-18 21:32:51 [INFO] crunchize.tasks.OIIOToolTask: Successfully processed: /mnt/prod/projects/dra/global/input/2026-01-07--001/test-proxy/test2/DARA_114_27A_010.1005.jpg
2026-01-18 21:32:51 [INFO] crunchize.tasks.OIIOToolTask: Successfully processed: /mnt/prod/projects/dra/global/input/2026-01-07--001/test-proxy/test2/DARA_114_27A_010.1003.jpg
2026-01-18 21:32:51 [INFO] crunchize.tasks.OIIOToolTask: Successfully processed: /mnt/prod/projects/dra/global/input/2026-01-07--001/test-proxy/test2/DARA_114_27A_010.1000.jpg
2026-01-18 21:32:51 [INFO] crunchize.tasks.OIIOToolTask: Successfully processed: /mnt/prod/projects/dra/global/input/2026-01-07--001/test-proxy/test2/DARA_114_27A_010.1004.jpg
2026-01-18 21:32:51 [INFO] crunchize.tasks.OIIOToolTask: Successfully processed: /mnt/prod/projects/dra/global/input/2026-01-07--001/test-proxy/test2/DARA_114_27A_010.1002.jpg
2026-01-18 21:32:51 [INFO] crunchize.tasks.OIIOToolTask: Successfully processed: /mnt/prod/projects/dra/global/input/2026-01-07--001/test-proxy/test2/DARA_114_27A_010.0998.jpg
2026-01-18 21:32:51 [INFO] crunchize.tasks.OIIOToolTask: Successfully processed: /mnt/prod/projects/dra/global/input/2026-01-07--001/test-proxy/test2/DARA_114_27A_010.0999.jpg
2026-01-18 21:32:51 [INFO] crunchize.tasks.OIIOToolTask: Successfully processed: /mnt/prod/projects/dra/global/input/2026-01-07--001/test-proxy/test2/DARA_114_27A_010.1006.jpg
